2025-11-12 02:23:53,216 - INFO - pdf_extractor - main:216 - Started fresh log: /Users/maryroseferrier/Desktop/Civera/Processing/proccess_pdf/logs/pdf_extraction.log
2025-11-12 02:23:53,216 - DEBUG - pdf_extractor - extract_pdf:52 - START 3.5.24 final official Precinct Results-3-12-2024 09-07-06 AM.pdf
2025-11-12 02:23:53,312 - DEBUG - pdf_extractor - extract_pdf:65 - FIRST LINES: ['Precinct Results Report Unofficial Results', 'JIM WELLS COUNTY, TEXAS', 'Registered Voters', '6077 of 0 = 0.00%', '3.5.2024 OFFICIAL ELECTION DAY PRIMARY ELECTION', 'Precincts Reporting', '21 of 21 = 100.00%', '3/5/2024', 'Run Time 9:06 AM', 'Run Date 03/12/2024 Page 1', '1 113 of 0 registered voters = 0.00%', 'President - Republican Party', 'Choice Party Election Day Voting Absentee Voting Early Voting Total', 'Donald J. Trump 14 93.33% 0 0.00% 7 87.50% 21 91.30%', 'Chris Christie 0 0.00% 0 0.00% 1 12.50% 1 4.35%']
2025-11-12 02:23:53,329 - DEBUG - src.precinct - parse:91 - No precinct match: 'Precinct Results Report Unofficial Results'
2025-11-12 02:23:53,329 - DEBUG - src.precinct - parse:91 - No precinct match: 'JIM WELLS COUNTY, TEXAS'
2025-11-12 02:23:53,329 - DEBUG - src.precinct - parse:91 - No precinct match: 'Registered Voters'
2025-11-12 02:23:53,329 - DEBUG - src.precinct - parse:91 - No precinct match: '6077 of 0 = 0.00%'
2025-11-12 02:23:53,330 - DEBUG - src.precinct - parse:91 - No precinct match: '3.5.2024 OFFICIAL ELECTION DAY PRIMARY ELECTION'
2025-11-12 02:23:53,330 - DEBUG - src.precinct - parse:91 - No precinct match: 'Precincts Reporting'
2025-11-12 02:23:53,330 - DEBUG - src.precinct - parse:91 - No precinct match: '21 of 21 = 100.00%'
2025-11-12 02:23:53,330 - DEBUG - src.precinct - parse:91 - No precinct match: '3/5/2024'
2025-11-12 02:23:53,330 - DEBUG - src.precinct - parse:91 - No precinct match: 'Run Time 9:06 AM'
2025-11-12 02:23:53,330 - DEBUG - src.precinct - parse:91 - No precinct match: 'Run Date 03/12/2024 Page 1'
2025-11-12 02:23:53,330 - DEBUG - src.precinct - parse:88 - Parsed precinct: 1 → 113
2025-11-12 02:23:53,330 - DEBUG - pdf_extractor - extract_pdf:118 - PAGE 1 → PRECINCT SET: 1 | Cast: 113
2025-11-12 02:23:53,330 - DEBUG - pdf_extractor - extract_pdf:129 - CONTEST START: United States Senator - Republican Party
2025-11-12 02:23:53,330 - DEBUG - pdf_extractor - _save_buffer:165 - TEST CONTEST: United States Senator - Republican Party
2025-11-12 02:23:53,331 - DEBUG - pdf_extractor - extract_pdf:129 - CONTEST START: United States Representative, District 15 - Republican Party
2025-11-12 02:23:53,331 - DEBUG - pdf_extractor - _save_buffer:165 - TEST CONTEST: United States Representative, District 15 - Republican Party
2025-11-12 02:23:53,379 - DEBUG - src.precinct - parse:91 - No precinct match: 'Precinct Results Report Unofficial Results'
2025-11-12 02:23:53,379 - DEBUG - src.precinct - parse:91 - No precinct match: 'JIM WELLS COUNTY, TEXAS'
2025-11-12 02:23:53,379 - DEBUG - src.precinct - parse:91 - No precinct match: 'Registered Voters'
2025-11-12 02:23:53,379 - DEBUG - src.precinct - parse:91 - No precinct match: '6077 of 0 = 0.00%'
2025-11-12 02:23:53,379 - DEBUG - src.precinct - parse:91 - No precinct match: '3.5.2024 OFFICIAL ELECTION DAY PRIMARY ELECTION'
2025-11-12 02:23:53,379 - DEBUG - src.precinct - parse:91 - No precinct match: 'Precincts Reporting'
2025-11-12 02:23:53,379 - DEBUG - src.precinct - parse:91 - No precinct match: '21 of 21 = 100.00%'
2025-11-12 02:23:53,379 - DEBUG - src.precinct - parse:91 - No precinct match: '3/5/2024'
2025-11-12 02:23:53,379 - DEBUG - src.precinct - parse:91 - No precinct match: 'Run Time 9:06 AM'
2025-11-12 02:23:53,380 - DEBUG - src.precinct - parse:91 - No precinct match: 'Run Date 03/12/2024 Page 2'
2025-11-12 02:23:53,380 - DEBUG - src.precinct - parse:88 - Parsed precinct: 1 → 113
2025-11-12 02:23:53,380 - DEBUG - pdf_extractor - extract_pdf:118 - PAGE 2 → PRECINCT SET: 1 | Cast: 113
2025-11-12 02:23:53,380 - DEBUG - pdf_extractor - extract_pdf:129 - CONTEST START: Railroad Commissioner - Republican Party
2025-11-12 02:23:53,380 - DEBUG - pdf_extractor - _save_buffer:165 - TEST CONTEST: Railroad Commissioner - Republican Party
2025-11-12 02:23:53,380 - DEBUG - pdf_extractor - extract_pdf:129 - CONTEST START: Justice, Supreme Court, Place 2 - Republican Party
2025-11-12 02:23:53,380 - DEBUG - pdf_extractor - _save_buffer:165 - TEST CONTEST: Justice, Supreme Court, Place 2 - Republican Party
2025-11-12 02:23:53,380 - DEBUG - pdf_extractor - extract_pdf:129 - CONTEST START: Justice, Supreme Court, Place 4 - Republican Party
2025-11-12 02:23:53,380 - DEBUG - pdf_extractor - _save_buffer:165 - TEST CONTEST: Justice, Supreme Court, Place 4 - Republican Party
2025-11-12 02:23:53,380 - DEBUG - pdf_extractor - extract_pdf:129 - CONTEST START: Justice, Supreme Court, Place 6 - Republican Party
2025-11-12 02:23:53,381 - DEBUG - pdf_extractor - _save_buffer:165 - TEST CONTEST: Justice, Supreme Court, Place 6 - Republican Party
2025-11-12 02:23:53,421 - DEBUG - src.precinct - parse:91 - No precinct match: 'Precinct Results Report Unofficial Results'
2025-11-12 02:23:53,421 - DEBUG - src.precinct - parse:91 - No precinct match: 'JIM WELLS COUNTY, TEXAS'
2025-11-12 02:23:53,421 - DEBUG - src.precinct - parse:91 - No precinct match: 'Registered Voters'
2025-11-12 02:23:53,421 - DEBUG - src.precinct - parse:91 - No precinct match: '6077 of 0 = 0.00%'
2025-11-12 02:23:53,421 - DEBUG - src.precinct - parse:91 - No precinct match: '3.5.2024 OFFICIAL ELECTION DAY PRIMARY ELECTION'
2025-11-12 02:23:53,421 - DEBUG - src.precinct - parse:91 - No precinct match: 'Precincts Reporting'
2025-11-12 02:23:53,421 - DEBUG - src.precinct - parse:91 - No precinct match: '21 of 21 = 100.00%'
2025-11-12 02:23:53,421 - DEBUG - src.precinct - parse:91 - No precinct match: '3/5/2024'
2025-11-12 02:23:53,421 - DEBUG - src.precinct - parse:91 - No precinct match: 'Run Time 9:06 AM'
2025-11-12 02:23:53,421 - DEBUG - src.precinct - parse:91 - No precinct match: 'Run Date 03/12/2024 Page 3'
2025-11-12 02:23:53,421 - DEBUG - src.precinct - parse:88 - Parsed precinct: 1 → 113
2025-11-12 02:23:53,421 - DEBUG - pdf_extractor - extract_pdf:118 - PAGE 3 → PRECINCT SET: 1 | Cast: 113
2025-11-12 02:23:53,421 - DEBUG - pdf_extractor - extract_pdf:129 - CONTEST START: Presiding Judge, Court of Criminal Appeals - Republican Part
2025-11-12 02:23:53,421 - DEBUG - pdf_extractor - _save_buffer:165 - TEST CONTEST: Presiding Judge, Court of Criminal Appeals - Republican Party
2025-11-12 02:23:53,421 - DEBUG - pdf_extractor - extract_pdf:129 - CONTEST START: Judge, Court of Criminal Appeals, Place 7 - Republican Party
2025-11-12 02:23:53,422 - DEBUG - pdf_extractor - _save_buffer:165 - TEST CONTEST: Judge, Court of Criminal Appeals, Place 7 - Republican Party
2025-11-12 02:23:53,422 - DEBUG - pdf_extractor - extract_pdf:129 - CONTEST START: Judge, Court of Criminal Appeals, Place 8 - Republican Party
2025-11-12 02:23:53,422 - DEBUG - pdf_extractor - _save_buffer:165 - TEST CONTEST: Judge, Court of Criminal Appeals, Place 8 - Republican Party
2025-11-12 02:23:53,422 - DEBUG - pdf_extractor - extract_pdf:129 - CONTEST START: State Representative, District 43 - Republican Party
2025-11-12 02:23:53,422 - DEBUG - pdf_extractor - _save_buffer:165 - TEST CONTEST: State Representative, District 43 - Republican Party
2025-11-12 02:23:53,459 - DEBUG - src.precinct - parse:91 - No precinct match: 'Precinct Results Report Unofficial Results'
2025-11-12 02:23:53,459 - DEBUG - src.precinct - parse:91 - No precinct match: 'JIM WELLS COUNTY, TEXAS'
2025-11-12 02:23:53,459 - DEBUG - src.precinct - parse:91 - No precinct match: 'Registered Voters'
2025-11-12 02:23:53,459 - DEBUG - src.precinct - parse:91 - No precinct match: '6077 of 0 = 0.00%'
2025-11-12 02:23:53,459 - DEBUG - src.precinct - parse:91 - No precinct match: '3.5.2024 OFFICIAL ELECTION DAY PRIMARY ELECTION'
2025-11-12 02:23:53,459 - DEBUG - src.precinct - parse:91 - No precinct match: 'Precincts Reporting'
2025-11-12 02:23:53,459 - DEBUG - src.precinct - parse:91 - No precinct match: '21 of 21 = 100.00%'
2025-11-12 02:23:53,459 - DEBUG - src.precinct - parse:91 - No precinct match: '3/5/2024'
2025-11-12 02:23:53,459 - DEBUG - src.precinct - parse:91 - No precinct match: 'Run Time 9:06 AM'
2025-11-12 02:23:53,459 - DEBUG - src.precinct - parse:91 - No precinct match: 'Run Date 03/12/2024 Page 4'
2025-11-12 02:23:53,459 - DEBUG - src.precinct - parse:88 - Parsed precinct: 1 → 113
2025-11-12 02:23:53,459 - DEBUG - pdf_extractor - extract_pdf:118 - PAGE 4 → PRECINCT SET: 1 | Cast: 113
2025-11-12 02:23:53,459 - DEBUG - pdf_extractor - extract_pdf:129 - CONTEST START: Justice, 4th Court of Appeals District, Place 3 - Republican
2025-11-12 02:23:53,459 - DEBUG - pdf_extractor - _save_buffer:165 - TEST CONTEST: Justice, 4th Court of Appeals District, Place 3 - Republican Party
2025-11-12 02:23:53,459 - DEBUG - pdf_extractor - extract_pdf:129 - CONTEST START: Justice, 4th Court of Appeals District, Place 4 - Republican
2025-11-12 02:23:53,460 - DEBUG - pdf_extractor - _save_buffer:165 - TEST CONTEST: Justice, 4th Court of Appeals District, Place 4 - Republican Party
2025-11-12 02:23:53,460 - DEBUG - pdf_extractor - extract_pdf:129 - CONTEST START: Justice, 4th Court of Appeals District, Place 5 - Republican
2025-11-12 02:23:53,460 - DEBUG - pdf_extractor - _save_buffer:165 - TEST CONTEST: Justice, 4th Court of Appeals District, Place 5 - Republican Party
2025-11-12 02:23:53,460 - DEBUG - pdf_extractor - extract_pdf:129 - CONTEST START: Justice, 4th Court of Appeals District, Place 7 - Republican
2025-11-12 02:23:53,460 - DEBUG - pdf_extractor - _save_buffer:165 - TEST CONTEST: Justice, 4th Court of Appeals District, Place 7 - Republican Party
2025-11-12 02:23:53,496 - DEBUG - src.precinct - parse:91 - No precinct match: 'Precinct Results Report Unofficial Results'
2025-11-12 02:23:53,496 - DEBUG - src.precinct - parse:91 - No precinct match: 'JIM WELLS COUNTY, TEXAS'
2025-11-12 02:23:53,496 - DEBUG - src.precinct - parse:91 - No precinct match: 'Registered Voters'
2025-11-12 02:23:53,496 - DEBUG - src.precinct - parse:91 - No precinct match: '6077 of 0 = 0.00%'
2025-11-12 02:23:53,496 - DEBUG - src.precinct - parse:91 - No precinct match: '3.5.2024 OFFICIAL ELECTION DAY PRIMARY ELECTION'
2025-11-12 02:23:53,496 - DEBUG - src.precinct - parse:91 - No precinct match: 'Precincts Reporting'
2025-11-12 02:23:53,496 - DEBUG - src.precinct - parse:91 - No precinct match: '21 of 21 = 100.00%'
2025-11-12 02:23:53,496 - DEBUG - src.precinct - parse:91 - No precinct match: '3/5/2024'
2025-11-12 02:23:53,496 - DEBUG - src.precinct - parse:91 - No precinct match: 'Run Time 9:06 AM'
2025-11-12 02:23:53,496 - DEBUG - src.precinct - parse:91 - No precinct match: 'Run Date 03/12/2024 Page 5'
2025-11-12 02:23:53,496 - DEBUG - src.precinct - parse:88 - Parsed precinct: 1 → 113
2025-11-12 02:23:53,496 - DEBUG - pdf_extractor - extract_pdf:118 - PAGE 5 → PRECINCT SET: 1 | Cast: 113
2025-11-12 02:23:53,497 - DEBUG - pdf_extractor - extract_pdf:129 - CONTEST START: Proposition 1 - Republican Party
2025-11-12 02:23:53,497 - DEBUG - pdf_extractor - _save_buffer:165 - TEST CONTEST: Proposition 1 - Republican Party
2025-11-12 02:23:53,536 - DEBUG - src.precinct - parse:91 - No precinct match: 'Precinct Results Report Unofficial Results'
2025-11-12 02:23:53,536 - DEBUG - src.precinct - parse:91 - No precinct match: 'JIM WELLS COUNTY, TEXAS'
2025-11-12 02:23:53,536 - DEBUG - src.precinct - parse:91 - No precinct match: 'Registered Voters'
2025-11-12 02:23:53,536 - DEBUG - src.precinct - parse:91 - No precinct match: '6077 of 0 = 0.00%'
2025-11-12 02:23:53,536 - DEBUG - src.precinct - parse:91 - No precinct match: '3.5.2024 OFFICIAL ELECTION DAY PRIMARY ELECTION'
2025-11-12 02:23:53,536 - DEBUG - src.precinct - parse:91 - No precinct match: 'Precincts Reporting'
2025-11-12 02:23:53,536 - DEBUG - src.precinct - parse:91 - No precinct match: '21 of 21 = 100.00%'
2025-11-12 02:23:53,536 - DEBUG - src.precinct - parse:91 - No precinct match: '3/5/2024'
2025-11-12 02:23:53,536 - DEBUG - src.precinct - parse:91 - No precinct match: 'Run Time 9:06 AM'
2025-11-12 02:23:53,536 - DEBUG - src.precinct - parse:91 - No precinct match: 'Run Date 03/12/2024 Page 6'
2025-11-12 02:23:53,536 - DEBUG - src.precinct - parse:88 - Parsed precinct: 1 → 113
2025-11-12 02:23:53,536 - DEBUG - pdf_extractor - extract_pdf:118 - PAGE 6 → PRECINCT SET: 1 | Cast: 113
2025-11-12 02:23:53,536 - DEBUG - pdf_extractor - extract_pdf:129 - CONTEST START: Proposition 2 - Republican Party
2025-11-12 02:23:53,537 - DEBUG - pdf_extractor - _save_buffer:165 - TEST CONTEST: Proposition 2 - Republican Party
2025-11-12 02:23:53,537 - DEBUG - pdf_extractor - extract_pdf:129 - CONTEST START: Proposition 3 - Republican Party
2025-11-12 02:23:53,537 - DEBUG - pdf_extractor - _save_buffer:165 - TEST CONTEST: Proposition 3 - Republican Party
2025-11-12 02:23:53,537 - DEBUG - pdf_extractor - extract_pdf:129 - CONTEST START: Proposition 4 - Republican Party
2025-11-12 02:23:53,537 - DEBUG - pdf_extractor - _save_buffer:165 - TEST CONTEST: Proposition 4 - Republican Party
2025-11-12 02:23:53,537 - DEBUG - pdf_extractor - extract_pdf:129 - CONTEST START: Proposition 5 - Republican Party
2025-11-12 02:23:53,537 - DEBUG - pdf_extractor - _save_buffer:165 - TEST CONTEST: Proposition 5 - Republican Party
2025-11-12 02:23:53,575 - DEBUG - src.precinct - parse:91 - No precinct match: 'Precinct Results Report Unofficial Results'
2025-11-12 02:23:53,576 - DEBUG - src.precinct - parse:91 - No precinct match: 'JIM WELLS COUNTY, TEXAS'
2025-11-12 02:23:53,576 - DEBUG - src.precinct - parse:91 - No precinct match: 'Registered Voters'
2025-11-12 02:23:53,576 - DEBUG - src.precinct - parse:91 - No precinct match: '6077 of 0 = 0.00%'
2025-11-12 02:23:53,576 - DEBUG - src.precinct - parse:91 - No precinct match: '3.5.2024 OFFICIAL ELECTION DAY PRIMARY ELECTION'
2025-11-12 02:23:53,576 - DEBUG - src.precinct - parse:91 - No precinct match: 'Precincts Reporting'
2025-11-12 02:23:53,576 - DEBUG - src.precinct - parse:91 - No precinct match: '21 of 21 = 100.00%'
2025-11-12 02:23:53,576 - DEBUG - src.precinct - parse:91 - No precinct match: '3/5/2024'
2025-11-12 02:23:53,576 - DEBUG - src.precinct - parse:91 - No precinct match: 'Run Time 9:06 AM'
2025-11-12 02:23:53,576 - DEBUG - src.precinct - parse:91 - No precinct match: 'Run Date 03/12/2024 Page 7'
2025-11-12 02:23:53,576 - DEBUG - src.precinct - parse:88 - Parsed precinct: 1 → 113
2025-11-12 02:23:53,576 - DEBUG - pdf_extractor - extract_pdf:118 - PAGE 7 → PRECINCT SET: 1 | Cast: 113
2025-11-12 02:23:53,576 - DEBUG - pdf_extractor - extract_pdf:129 - CONTEST START: Proposition 6 - Republican Party
2025-11-12 02:23:53,576 - DEBUG - pdf_extractor - _save_buffer:165 - TEST CONTEST: Proposition 6 - Republican Party
2025-11-12 02:23:53,576 - DEBUG - pdf_extractor - extract_pdf:129 - CONTEST START: Proposition 7 - Republican Party
2025-11-12 02:23:53,576 - DEBUG - pdf_extractor - _save_buffer:165 - TEST CONTEST: Proposition 7 - Republican Party
2025-11-12 02:23:53,576 - DEBUG - pdf_extractor - extract_pdf:129 - CONTEST START: Proposition 8 - Republican Party
2025-11-12 02:23:53,576 - DEBUG - pdf_extractor - _save_buffer:165 - TEST CONTEST: Proposition 8 - Republican Party
2025-11-12 02:23:53,576 - DEBUG - pdf_extractor - extract_pdf:129 - CONTEST START: Proposition 9 - Republican Party
2025-11-12 02:23:53,576 - DEBUG - pdf_extractor - _save_buffer:165 - TEST CONTEST: Proposition 9 - Republican Party
2025-11-12 02:23:53,615 - DEBUG - src.precinct - parse:91 - No precinct match: 'Precinct Results Report Unofficial Results'
2025-11-12 02:23:53,616 - DEBUG - src.precinct - parse:91 - No precinct match: 'JIM WELLS COUNTY, TEXAS'
2025-11-12 02:23:53,616 - DEBUG - src.precinct - parse:91 - No precinct match: 'Registered Voters'
2025-11-12 02:23:53,616 - DEBUG - src.precinct - parse:91 - No precinct match: '6077 of 0 = 0.00%'
2025-11-12 02:23:53,616 - DEBUG - src.precinct - parse:91 - No precinct match: '3.5.2024 OFFICIAL ELECTION DAY PRIMARY ELECTION'
2025-11-12 02:23:53,616 - DEBUG - src.precinct - parse:91 - No precinct match: 'Precincts Reporting'
2025-11-12 02:23:53,616 - DEBUG - src.precinct - parse:91 - No precinct match: '21 of 21 = 100.00%'
2025-11-12 02:23:53,616 - DEBUG - src.precinct - parse:91 - No precinct match: '3/5/2024'
2025-11-12 02:23:53,616 - DEBUG - src.precinct - parse:91 - No precinct match: 'Run Time 9:06 AM'
2025-11-12 02:23:53,616 - DEBUG - src.precinct - parse:91 - No precinct match: 'Run Date 03/12/2024 Page 8'
2025-11-12 02:23:53,616 - DEBUG - src.precinct - parse:88 - Parsed precinct: 1 → 113
2025-11-12 02:23:53,616 - DEBUG - pdf_extractor - extract_pdf:118 - PAGE 8 → PRECINCT SET: 1 | Cast: 113
2025-11-12 02:23:53,616 - DEBUG - pdf_extractor - extract_pdf:129 - CONTEST START: Proposition 10 - Republican Party
2025-11-12 02:23:53,616 - DEBUG - pdf_extractor - _save_buffer:165 - TEST CONTEST: Proposition 10 - Republican Party
2025-11-12 02:23:53,616 - DEBUG - pdf_extractor - extract_pdf:129 - CONTEST START: Proposition 11 - Republican Party
2025-11-12 02:23:53,616 - DEBUG - pdf_extractor - _save_buffer:165 - TEST CONTEST: Proposition 11 - Republican Party
2025-11-12 02:23:53,616 - DEBUG - pdf_extractor - extract_pdf:129 - CONTEST START: Proposition 12 - Republican Party
2025-11-12 02:23:53,616 - DEBUG - pdf_extractor - _save_buffer:165 - TEST CONTEST: Proposition 12 - Republican Party
2025-11-12 02:23:53,616 - DEBUG - pdf_extractor - extract_pdf:129 - CONTEST START: Proposition 13 - Republican Party
2025-11-12 02:23:53,616 - DEBUG - pdf_extractor - _save_buffer:165 - TEST CONTEST: Proposition 13 - Republican Party
2025-11-12 02:23:53,692 - DEBUG - src.precinct - parse:91 - No precinct match: 'Precinct Results Report Unofficial Results'
2025-11-12 02:23:53,693 - DEBUG - src.precinct - parse:91 - No precinct match: 'JIM WELLS COUNTY, TEXAS'
2025-11-12 02:23:53,693 - DEBUG - src.precinct - parse:91 - No precinct match: 'Registered Voters'
2025-11-12 02:23:53,693 - DEBUG - src.precinct - parse:91 - No precinct match: '6077 of 0 = 0.00%'
2025-11-12 02:23:53,693 - DEBUG - src.precinct - parse:91 - No precinct match: '3.5.2024 OFFICIAL ELECTION DAY PRIMARY ELECTION'
2025-11-12 02:23:53,693 - DEBUG - src.precinct - parse:91 - No precinct match: 'Precincts Reporting'
2025-11-12 02:23:53,693 - DEBUG - src.precinct - parse:91 - No precinct match: '21 of 21 = 100.00%'
2025-11-12 02:23:53,693 - DEBUG - src.precinct - parse:91 - No precinct match: '3/5/2024'
2025-11-12 02:23:53,693 - DEBUG - src.precinct - parse:91 - No precinct match: 'Run Time 9:06 AM'
2025-11-12 02:23:53,693 - DEBUG - src.precinct - parse:91 - No precinct match: 'Run Date 03/12/2024 Page 9'
2025-11-12 02:23:53,693 - DEBUG - src.precinct - parse:88 - Parsed precinct: 1 → 113
2025-11-12 02:23:53,693 - DEBUG - pdf_extractor - extract_pdf:118 - PAGE 9 → PRECINCT SET: 1 | Cast: 113
2025-11-12 02:23:53,693 - DEBUG - pdf_extractor - extract_pdf:129 - CONTEST START: United States Senator - Democratic Party
2025-11-12 02:23:53,693 - DEBUG - pdf_extractor - _save_buffer:165 - TEST CONTEST: United States Senator - Democratic Party
2025-11-12 02:23:53,734 - DEBUG - src.precinct - parse:91 - No precinct match: 'Precinct Results Report Unofficial Results'
2025-11-12 02:23:53,734 - DEBUG - src.precinct - parse:91 - No precinct match: 'JIM WELLS COUNTY, TEXAS'
2025-11-12 02:23:53,734 - DEBUG - src.precinct - parse:91 - No precinct match: 'Registered Voters'
2025-11-12 02:23:53,734 - DEBUG - src.precinct - parse:91 - No precinct match: '6077 of 0 = 0.00%'
2025-11-12 02:23:53,734 - DEBUG - src.precinct - parse:91 - No precinct match: '3.5.2024 OFFICIAL ELECTION DAY PRIMARY ELECTION'
2025-11-12 02:23:53,734 - DEBUG - src.precinct - parse:91 - No precinct match: 'Precincts Reporting'
2025-11-12 02:23:53,734 - DEBUG - src.precinct - parse:91 - No precinct match: '21 of 21 = 100.00%'
2025-11-12 02:23:53,734 - DEBUG - src.precinct - parse:91 - No precinct match: '3/5/2024'
2025-11-12 02:23:53,734 - DEBUG - src.precinct - parse:91 - No precinct match: 'Run Time 9:06 AM'
2025-11-12 02:23:53,734 - DEBUG - src.precinct - parse:91 - No precinct match: 'Run Date 03/12/2024 Page 10'
2025-11-12 02:23:53,734 - DEBUG - src.precinct - parse:88 - Parsed precinct: 1 → 113
2025-11-12 02:23:53,734 - DEBUG - pdf_extractor - extract_pdf:118 - PAGE 10 → PRECINCT SET: 1 | Cast: 113
2025-11-12 02:23:53,734 - DEBUG - pdf_extractor - extract_pdf:129 - CONTEST START: United States Representative, District 15 - Democratic Party
2025-11-12 02:23:53,734 - DEBUG - pdf_extractor - _save_buffer:165 - TEST CONTEST: United States Representative, District 15 - Democratic Party
2025-11-12 02:23:53,734 - DEBUG - pdf_extractor - extract_pdf:129 - CONTEST START: Railroad Commissioner - Democratic Party
2025-11-12 02:23:53,735 - DEBUG - pdf_extractor - _save_buffer:165 - TEST CONTEST: Railroad Commissioner - Democratic Party
2025-11-12 02:23:53,735 - DEBUG - pdf_extractor - extract_pdf:129 - CONTEST START: Justice, Supreme Court, Place 2 - Democratic Party
2025-11-12 02:23:53,735 - DEBUG - pdf_extractor - _save_buffer:165 - TEST CONTEST: Justice, Supreme Court, Place 2 - Democratic Party
2025-11-12 02:23:53,735 - DEBUG - pdf_extractor - extract_pdf:129 - CONTEST START: Justice, Supreme Court, Place 4 - Democratic Party
2025-11-12 02:23:53,735 - DEBUG - pdf_extractor - _save_buffer:165 - TEST CONTEST: Justice, Supreme Court, Place 4 - Democratic Party
2025-11-12 02:23:53,735 - DEBUG - pdf_extractor - _save_buffer:165 - TEST CONTEST: Justice, Supreme Court, Place 4 - Democratic Party
2025-11-12 02:23:53,738 - DEBUG - pdf_extractor - extract_pdf:147 - FINISHED 3.5.24 final official Precinct Results-3-12-2024 09-07-06 AM.pdf
2025-11-12 02:23:53,738 - DEBUG - pdf_extractor - extract_pdf:52 - START Tarrant_March-27-2021_Grand_Prairie_Runoff_Election_Precinct_Results.pdf
2025-11-12 02:23:53,755 - DEBUG - pdf_extractor - extract_pdf:65 - FIRST LINES: ['Precinct Results Report Official Results', 'Grand Prairie', 'Registered Voters', '8 of 1450 = 0.55%', 'Grand Prairie Runoff Election', 'Precincts Reporting', '2 of 2 = 100.00%', '3/27/2021', 'Run Time 12:00 PM', 'Run Date 03/30/2021 Page 1', '2381 2 of 721 registered voters = 0.28%', 'City Council Member, District 2 (Unexpired Term)', 'Choice Party Absentee Voting Early Voting Election Day Voting Total', 'Dennis King 0 0.00% 1 100.00% 0 0.00% 1 50.00%', 'Frank Gonzalez 0 0.00% 0 0.00% 1 100.00% 1 50.00%']
2025-11-12 02:23:53,756 - DEBUG - src.precinct - parse:91 - No precinct match: 'Precinct Results Report Official Results'
2025-11-12 02:23:53,756 - DEBUG - src.precinct - parse:91 - No precinct match: 'Grand Prairie'
2025-11-12 02:23:53,756 - DEBUG - src.precinct - parse:91 - No precinct match: 'Registered Voters'
2025-11-12 02:23:53,756 - DEBUG - src.precinct - parse:91 - No precinct match: '8 of 1450 = 0.55%'
2025-11-12 02:23:53,756 - DEBUG - src.precinct - parse:91 - No precinct match: 'Grand Prairie Runoff Election'
2025-11-12 02:23:53,756 - DEBUG - src.precinct - parse:91 - No precinct match: 'Precincts Reporting'
2025-11-12 02:23:53,756 - DEBUG - src.precinct - parse:91 - No precinct match: '2 of 2 = 100.00%'
2025-11-12 02:23:53,756 - DEBUG - src.precinct - parse:91 - No precinct match: '3/27/2021'
2025-11-12 02:23:53,756 - DEBUG - src.precinct - parse:91 - No precinct match: 'Run Time 12:00 PM'
2025-11-12 02:23:53,756 - DEBUG - src.precinct - parse:91 - No precinct match: 'Run Date 03/30/2021 Page 1'
2025-11-12 02:23:53,756 - DEBUG - src.precinct - parse:88 - Parsed precinct: 2381 → 2
2025-11-12 02:23:53,756 - DEBUG - pdf_extractor - extract_pdf:118 - PAGE 1 → PRECINCT SET: 2381 | Cast: 2
2025-11-12 02:23:53,756 - DEBUG - pdf_extractor - extract_pdf:129 - CONTEST START: City Council Member, District 2 (Unexpired Term)
2025-11-12 02:23:53,756 - DEBUG - pdf_extractor - _save_buffer:165 - TEST CONTEST: City Council Member, District 2 (Unexpired Term)
2025-11-12 02:23:53,772 - DEBUG - src.precinct - parse:91 - No precinct match: 'Precinct Results Report Official Results'
2025-11-12 02:23:53,772 - DEBUG - src.precinct - parse:91 - No precinct match: 'Grand Prairie'
2025-11-12 02:23:53,772 - DEBUG - src.precinct - parse:91 - No precinct match: 'Registered Voters'
2025-11-12 02:23:53,772 - DEBUG - src.precinct - parse:91 - No precinct match: '8 of 1450 = 0.55%'
2025-11-12 02:23:53,772 - DEBUG - src.precinct - parse:91 - No precinct match: 'Grand Prairie Runoff Election'
2025-11-12 02:23:53,772 - DEBUG - src.precinct - parse:91 - No precinct match: 'Precincts Reporting'
2025-11-12 02:23:53,772 - DEBUG - src.precinct - parse:91 - No precinct match: '2 of 2 = 100.00%'
2025-11-12 02:23:53,772 - DEBUG - src.precinct - parse:91 - No precinct match: '3/27/2021'
2025-11-12 02:23:53,772 - DEBUG - src.precinct - parse:91 - No precinct match: 'Run Time 12:00 PM'
2025-11-12 02:23:53,772 - DEBUG - src.precinct - parse:91 - No precinct match: 'Run Date 03/30/2021 Page 2'
2025-11-12 02:23:53,772 - DEBUG - src.precinct - parse:88 - Parsed precinct: 2413 → 6
2025-11-12 02:23:53,772 - DEBUG - pdf_extractor - extract_pdf:118 - PAGE 2 → PRECINCT SET: 2413 | Cast: 6
2025-11-12 02:23:53,772 - DEBUG - pdf_extractor - extract_pdf:129 - CONTEST START: City Council Member, District 2 (Unexpired Term)
2025-11-12 02:23:53,772 - DEBUG - pdf_extractor - _save_buffer:165 - TEST CONTEST: City Council Member, District 2 (Unexpired Term)
2025-11-12 02:23:53,772 - DEBUG - pdf_extractor - _save_buffer:165 - TEST CONTEST: City Council Member, District 2 (Unexpired Term)
2025-11-12 02:23:53,778 - DEBUG - pdf_extractor - extract_pdf:147 - FINISHED Tarrant_March-27-2021_Grand_Prairie_Runoff_Election_Precinct_Results.pdf
2025-11-12 02:23:53,778 - DEBUG - pdf_extractor - extract_pdf:52 - START Tarrant_May-01-2021_Joint_General_and_Special_Elections_Precinct_Results.pdf
2025-11-12 02:23:54,092 - DEBUG - pdf_extractor - extract_pdf:65 - FIRST LINES: ['Precinct Report Official Results', 'Tarrant County', 'Registered Voters', '165898 of 1170379 = 14.17%', 'Joint General and Special Elections', 'Precincts Reporting', '726 of 726 = 100.00%', '5/1/2021', 'Run Time 10:46 AM', 'Run Date 05/13/2021 Page 1', '1001 379 of 1,760 registered voters = 21.53%', 'Fort Worth Independent School District School District Trustee Single Member, District 9', 'Choice Party Absentee Voting Early Voting Election Day Voting Total', 'Roxanne Martinez 6 40.00% 82 42.71% 52 42.62% 140 42.55%', 'Cade Lovelace 2 13.33% 30 15.63% 30 24.59% 62 18.84%']
2025-11-12 02:23:54,092 - DEBUG - src.precinct - parse:91 - No precinct match: 'Precinct Report Official Results'
2025-11-12 02:23:54,092 - DEBUG - src.precinct - parse:91 - No precinct match: 'Tarrant County'
2025-11-12 02:23:54,092 - DEBUG - src.precinct - parse:91 - No precinct match: 'Registered Voters'
2025-11-12 02:23:54,092 - DEBUG - src.precinct - parse:91 - No precinct match: '165898 of 1170379 = 14.17%'
2025-11-12 02:23:54,092 - DEBUG - src.precinct - parse:91 - No precinct match: 'Joint General and Special Elections'
2025-11-12 02:23:54,092 - DEBUG - src.precinct - parse:91 - No precinct match: 'Precincts Reporting'
2025-11-12 02:23:54,092 - DEBUG - src.precinct - parse:91 - No precinct match: '726 of 726 = 100.00%'
2025-11-12 02:23:54,092 - DEBUG - src.precinct - parse:91 - No precinct match: '5/1/2021'
2025-11-12 02:23:54,092 - DEBUG - src.precinct - parse:91 - No precinct match: 'Run Time 10:46 AM'
2025-11-12 02:23:54,092 - DEBUG - src.precinct - parse:91 - No precinct match: 'Run Date 05/13/2021 Page 1'
2025-11-12 02:23:54,092 - DEBUG - src.precinct - parse:88 - Parsed precinct: 1001 → 379
2025-11-12 02:23:54,092 - DEBUG - pdf_extractor - extract_pdf:118 - PAGE 1 → PRECINCT SET: 1001 | Cast: 379
2025-11-12 02:23:54,092 - DEBUG - pdf_extractor - extract_pdf:129 - CONTEST START: Fort Worth Independent School District School District Trust
2025-11-12 02:23:54,092 - DEBUG - pdf_extractor - _save_buffer:165 - TEST CONTEST: Fort Worth Independent School District School District Trustee Single Member, District 9
2025-11-12 02:23:54,093 - DEBUG - pdf_extractor - extract_pdf:129 - CONTEST START: City of Fort Worth Office of the Mayor
2025-11-12 02:23:54,093 - DEBUG - pdf_extractor - _save_buffer:165 - TEST CONTEST: City of Fort Worth Office of the Mayor
2025-11-12 02:23:54,146 - DEBUG - src.precinct - parse:91 - No precinct match: 'Precinct Report Official Results'
2025-11-12 02:23:54,146 - DEBUG - src.precinct - parse:91 - No precinct match: 'Tarrant County'
2025-11-12 02:23:54,146 - DEBUG - src.precinct - parse:91 - No precinct match: 'Registered Voters'
2025-11-12 02:23:54,146 - DEBUG - src.precinct - parse:91 - No precinct match: '165898 of 1170379 = 14.17%'
2025-11-12 02:23:54,146 - DEBUG - src.precinct - parse:91 - No precinct match: 'Joint General and Special Elections'
2025-11-12 02:23:54,146 - DEBUG - src.precinct - parse:91 - No precinct match: 'Precincts Reporting'
2025-11-12 02:23:54,146 - DEBUG - src.precinct - parse:91 - No precinct match: '726 of 726 = 100.00%'
2025-11-12 02:23:54,147 - DEBUG - src.precinct - parse:91 - No precinct match: '5/1/2021'
2025-11-12 02:23:54,147 - DEBUG - src.precinct - parse:91 - No precinct match: 'Run Time 10:46 AM'
2025-11-12 02:23:54,147 - DEBUG - src.precinct - parse:91 - No precinct match: 'Run Date 05/13/2021 Page 2'
2025-11-12 02:23:54,147 - DEBUG - src.precinct - parse:88 - Parsed precinct: 1001 → 379
2025-11-12 02:23:54,147 - DEBUG - pdf_extractor - extract_pdf:118 - PAGE 2 → PRECINCT SET: 1001 | Cast: 379
2025-11-12 02:23:54,147 - DEBUG - pdf_extractor - extract_pdf:129 - CONTEST START: City of Fort Worth Member of the City Council, District 9
2025-11-12 02:23:54,147 - DEBUG - pdf_extractor - _save_buffer:165 - TEST CONTEST: City of Fort Worth Member of the City Council, District 9
2025-11-12 02:23:54,147 - DEBUG - pdf_extractor - extract_pdf:129 - CONTEST START: Tarrant County College Board of Trustees, District 1
2025-11-12 02:23:54,148 - DEBUG - pdf_extractor - _save_buffer:165 - TEST CONTEST: Tarrant County College Board of Trustees, District 1
2025-11-12 02:23:54,148 - DEBUG - pdf_extractor - extract_pdf:129 - CONTEST START: Tarrant Regional Water District Three Seats for Board Member
2025-11-12 02:23:54,148 - DEBUG - pdf_extractor - _save_buffer:165 - TEST CONTEST: Tarrant Regional Water District Three Seats for Board Member
2025-11-12 02:23:54,186 - DEBUG - src.precinct - parse:91 - No precinct match: 'Precinct Report Official Results'
2025-11-12 02:23:54,186 - DEBUG - src.precinct - parse:91 - No precinct match: 'Tarrant County'
2025-11-12 02:23:54,186 - DEBUG - src.precinct - parse:91 - No precinct match: 'Registered Voters'
2025-11-12 02:23:54,186 - DEBUG - src.precinct - parse:91 - No precinct match: '165898 of 1170379 = 14.17%'
2025-11-12 02:23:54,186 - DEBUG - src.precinct - parse:91 - No precinct match: 'Joint General and Special Elections'
2025-11-12 02:23:54,186 - DEBUG - src.precinct - parse:91 - No precinct match: 'Precincts Reporting'
2025-11-12 02:23:54,186 - DEBUG - src.precinct - parse:91 - No precinct match: '726 of 726 = 100.00%'
2025-11-12 02:23:54,186 - DEBUG - src.precinct - parse:91 - No precinct match: '5/1/2021'
2025-11-12 02:23:54,186 - DEBUG - src.precinct - parse:91 - No precinct match: 'Run Time 10:46 AM'
2025-11-12 02:23:54,186 - DEBUG - src.precinct - parse:91 - No precinct match: 'Run Date 05/13/2021 Page 3'
2025-11-12 02:23:54,186 - DEBUG - src.precinct - parse:88 - Parsed precinct: 1004 → 504
2025-11-12 02:23:54,186 - DEBUG - pdf_extractor - extract_pdf:118 - PAGE 3 → PRECINCT SET: 1004 | Cast: 504
2025-11-12 02:23:54,186 - DEBUG - pdf_extractor - extract_pdf:129 - CONTEST START: City of Fort Worth Office of the Mayor
2025-11-12 02:23:54,186 - DEBUG - pdf_extractor - _save_buffer:165 - TEST CONTEST: City of Fort Worth Office of the Mayor
2025-11-12 02:23:54,187 - DEBUG - pdf_extractor - extract_pdf:129 - CONTEST START: City of Fort Worth Member of the City Council, District 6
2025-11-12 02:23:54,187 - DEBUG - pdf_extractor - _save_buffer:165 - TEST CONTEST: City of Fort Worth Member of the City Council, District 6
2025-11-12 02:23:54,208 - DEBUG - src.precinct - parse:91 - No precinct match: 'Precinct Report Official Results'
2025-11-12 02:23:54,208 - DEBUG - src.precinct - parse:91 - No precinct match: 'Tarrant County'
2025-11-12 02:23:54,208 - DEBUG - src.precinct - parse:91 - No precinct match: 'Registered Voters'
2025-11-12 02:23:54,208 - DEBUG - src.precinct - parse:91 - No precinct match: '165898 of 1170379 = 14.17%'
2025-11-12 02:23:54,208 - DEBUG - src.precinct - parse:91 - No precinct match: 'Joint General and Special Elections'
2025-11-12 02:23:54,208 - DEBUG - src.precinct - parse:91 - No precinct match: 'Precincts Reporting'
2025-11-12 02:23:54,208 - DEBUG - src.precinct - parse:91 - No precinct match: '726 of 726 = 100.00%'
2025-11-12 02:23:54,208 - DEBUG - src.precinct - parse:91 - No precinct match: '5/1/2021'
2025-11-12 02:23:54,208 - DEBUG - src.precinct - parse:91 - No precinct match: 'Run Time 10:46 AM'
2025-11-12 02:23:54,208 - DEBUG - src.precinct - parse:91 - No precinct match: 'Run Date 05/13/2021 Page 4'
2025-11-12 02:23:54,208 - DEBUG - src.precinct - parse:88 - Parsed precinct: 1004 → 504
2025-11-12 02:23:54,208 - DEBUG - pdf_extractor - extract_pdf:118 - PAGE 4 → PRECINCT SET: 1004 | Cast: 504
2025-11-12 02:23:54,209 - DEBUG - pdf_extractor - extract_pdf:129 - CONTEST START: Tarrant Regional Water District Three Seats for Board Member
2025-11-12 02:23:54,209 - DEBUG - pdf_extractor - _save_buffer:165 - TEST CONTEST: Tarrant Regional Water District Three Seats for Board Member
2025-11-12 02:23:54,259 - DEBUG - src.precinct - parse:91 - No precinct match: 'Precinct Report Official Results'
2025-11-12 02:23:54,259 - DEBUG - src.precinct - parse:91 - No precinct match: 'Tarrant County'
2025-11-12 02:23:54,259 - DEBUG - src.precinct - parse:91 - No precinct match: 'Registered Voters'
2025-11-12 02:23:54,259 - DEBUG - src.precinct - parse:91 - No precinct match: '165898 of 1170379 = 14.17%'
2025-11-12 02:23:54,259 - DEBUG - src.precinct - parse:91 - No precinct match: 'Joint General and Special Elections'
2025-11-12 02:23:54,259 - DEBUG - src.precinct - parse:91 - No precinct match: 'Precincts Reporting'
2025-11-12 02:23:54,259 - DEBUG - src.precinct - parse:91 - No precinct match: '726 of 726 = 100.00%'
2025-11-12 02:23:54,259 - DEBUG - src.precinct - parse:91 - No precinct match: '5/1/2021'
2025-11-12 02:23:54,259 - DEBUG - src.precinct - parse:91 - No precinct match: 'Run Time 10:46 AM'
2025-11-12 02:23:54,259 - DEBUG - src.precinct - parse:91 - No precinct match: 'Run Date 05/13/2021 Page 5'
2025-11-12 02:23:54,259 - DEBUG - src.precinct - parse:88 - Parsed precinct: 1005 → 107
2025-11-12 02:23:54,259 - DEBUG - pdf_extractor - extract_pdf:118 - PAGE 5 → PRECINCT SET: 1005 | Cast: 107
2025-11-12 02:23:54,260 - DEBUG - pdf_extractor - extract_pdf:129 - CONTEST START: Fort Worth Independent School District School District Trust
2025-11-12 02:23:54,260 - DEBUG - pdf_extractor - _save_buffer:165 - TEST CONTEST: Fort Worth Independent School District School District Trustee Single Member, District 4
2025-11-12 02:23:54,260 - DEBUG - pdf_extractor - extract_pdf:129 - CONTEST START: City of Fort Worth Office of the Mayor
2025-11-12 02:23:54,260 - DEBUG - pdf_extractor - _save_buffer:165 - TEST CONTEST: City of Fort Worth Office of the Mayor
2025-11-12 02:23:54,261 - DEBUG - pdf_extractor - extract_pdf:129 - CONTEST START: City of Fort Worth Member of the City Council, District 8
2025-11-12 02:23:54,261 - DEBUG - pdf_extractor - _save_buffer:165 - TEST CONTEST: City of Fort Worth Member of the City Council, District 8
2025-11-12 02:23:54,282 - DEBUG - src.precinct - parse:91 - No precinct match: 'Precinct Report Official Results'
2025-11-12 02:23:54,282 - DEBUG - src.precinct - parse:91 - No precinct match: 'Tarrant County'
2025-11-12 02:23:54,282 - DEBUG - src.precinct - parse:91 - No precinct match: 'Registered Voters'
2025-11-12 02:23:54,282 - DEBUG - src.precinct - parse:91 - No precinct match: '165898 of 1170379 = 14.17%'
2025-11-12 02:23:54,282 - DEBUG - src.precinct - parse:91 - No precinct match: 'Joint General and Special Elections'
2025-11-12 02:23:54,282 - DEBUG - src.precinct - parse:91 - No precinct match: 'Precincts Reporting'
2025-11-12 02:23:54,282 - DEBUG - src.precinct - parse:91 - No precinct match: '726 of 726 = 100.00%'
2025-11-12 02:23:54,282 - DEBUG - src.precinct - parse:91 - No precinct match: '5/1/2021'
2025-11-12 02:23:54,282 - DEBUG - src.precinct - parse:91 - No precinct match: 'Run Time 10:46 AM'
2025-11-12 02:23:54,282 - DEBUG - src.precinct - parse:91 - No precinct match: 'Run Date 05/13/2021 Page 6'
2025-11-12 02:23:54,282 - DEBUG - src.precinct - parse:88 - Parsed precinct: 1005 → 107
2025-11-12 02:23:54,282 - DEBUG - pdf_extractor - extract_pdf:118 - PAGE 6 → PRECINCT SET: 1005 | Cast: 107
2025-11-12 02:23:54,282 - DEBUG - pdf_extractor - extract_pdf:129 - CONTEST START: Tarrant Regional Water District Three Seats for Board Member
2025-11-12 02:23:54,282 - DEBUG - pdf_extractor - _save_buffer:165 - TEST CONTEST: Tarrant Regional Water District Three Seats for Board Member
2025-11-12 02:23:54,334 - DEBUG - src.precinct - parse:91 - No precinct match: 'Precinct Report Official Results'
2025-11-12 02:23:54,334 - DEBUG - src.precinct - parse:91 - No precinct match: 'Tarrant County'
2025-11-12 02:23:54,334 - DEBUG - src.precinct - parse:91 - No precinct match: 'Registered Voters'
2025-11-12 02:23:54,334 - DEBUG - src.precinct - parse:91 - No precinct match: '165898 of 1170379 = 14.17%'
2025-11-12 02:23:54,335 - DEBUG - src.precinct - parse:91 - No precinct match: 'Joint General and Special Elections'
2025-11-12 02:23:54,335 - DEBUG - src.precinct - parse:91 - No precinct match: 'Precincts Reporting'
2025-11-12 02:23:54,335 - DEBUG - src.precinct - parse:91 - No precinct match: '726 of 726 = 100.00%'
2025-11-12 02:23:54,335 - DEBUG - src.precinct - parse:91 - No precinct match: '5/1/2021'
2025-11-12 02:23:54,335 - DEBUG - src.precinct - parse:91 - No precinct match: 'Run Time 10:46 AM'
2025-11-12 02:23:54,335 - DEBUG - src.precinct - parse:91 - No precinct match: 'Run Date 05/13/2021 Page 7'
2025-11-12 02:23:54,335 - DEBUG - src.precinct - parse:88 - Parsed precinct: 1008 → 53
2025-11-12 02:23:54,335 - DEBUG - pdf_extractor - extract_pdf:118 - PAGE 7 → PRECINCT SET: 1008 | Cast: 53
2025-11-12 02:23:54,335 - DEBUG - pdf_extractor - extract_pdf:129 - CONTEST START: Fort Worth Independent School District School District Trust
2025-11-12 02:23:54,335 - DEBUG - pdf_extractor - _save_buffer:165 - TEST CONTEST: Fort Worth Independent School District School District Trustee Single Member, District 4
2025-11-12 02:23:54,335 - DEBUG - pdf_extractor - extract_pdf:129 - CONTEST START: City of Fort Worth Office of the Mayor
2025-11-12 02:23:54,335 - DEBUG - pdf_extractor - _save_buffer:165 - TEST CONTEST: City of Fort Worth Office of the Mayor
2025-11-12 02:23:54,336 - DEBUG - pdf_extractor - extract_pdf:129 - CONTEST START: City of Fort Worth Member of the City Council, District 8
2025-11-12 02:23:54,336 - DEBUG - pdf_extractor - _save_buffer:165 - TEST CONTEST: City of Fort Worth Member of the City Council, District 8
2025-11-12 02:23:54,357 - DEBUG - src.precinct - parse:91 - No precinct match: 'Precinct Report Official Results'
2025-11-12 02:23:54,357 - DEBUG - src.precinct - parse:91 - No precinct match: 'Tarrant County'
2025-11-12 02:23:54,357 - DEBUG - src.precinct - parse:91 - No precinct match: 'Registered Voters'
2025-11-12 02:23:54,357 - DEBUG - src.precinct - parse:91 - No precinct match: '165898 of 1170379 = 14.17%'
2025-11-12 02:23:54,357 - DEBUG - src.precinct - parse:91 - No precinct match: 'Joint General and Special Elections'
2025-11-12 02:23:54,357 - DEBUG - src.precinct - parse:91 - No precinct match: 'Precincts Reporting'
2025-11-12 02:23:54,357 - DEBUG - src.precinct - parse:91 - No precinct match: '726 of 726 = 100.00%'
2025-11-12 02:23:54,357 - DEBUG - src.precinct - parse:91 - No precinct match: '5/1/2021'
2025-11-12 02:23:54,357 - DEBUG - src.precinct - parse:91 - No precinct match: 'Run Time 10:46 AM'
2025-11-12 02:23:54,357 - DEBUG - src.precinct - parse:91 - No precinct match: 'Run Date 05/13/2021 Page 8'
2025-11-12 02:23:54,357 - DEBUG - src.precinct - parse:88 - Parsed precinct: 1008 → 53
2025-11-12 02:23:54,357 - DEBUG - pdf_extractor - extract_pdf:118 - PAGE 8 → PRECINCT SET: 1008 | Cast: 53
2025-11-12 02:23:54,357 - DEBUG - pdf_extractor - extract_pdf:129 - CONTEST START: Tarrant Regional Water District Three Seats for Board Member
2025-11-12 02:23:54,358 - DEBUG - pdf_extractor - _save_buffer:165 - TEST CONTEST: Tarrant Regional Water District Three Seats for Board Member
2025-11-12 02:23:54,384 - DEBUG - src.precinct - parse:91 - No precinct match: 'Precinct Report Official Results'
2025-11-12 02:23:54,384 - DEBUG - src.precinct - parse:91 - No precinct match: 'Tarrant County'
2025-11-12 02:23:54,384 - DEBUG - src.precinct - parse:91 - No precinct match: 'Registered Voters'
2025-11-12 02:23:54,384 - DEBUG - src.precinct - parse:91 - No precinct match: '165898 of 1170379 = 14.17%'
2025-11-12 02:23:54,384 - DEBUG - src.precinct - parse:91 - No precinct match: 'Joint General and Special Elections'
2025-11-12 02:23:54,384 - DEBUG - src.precinct - parse:91 - No precinct match: 'Precincts Reporting'
2025-11-12 02:23:54,384 - DEBUG - src.precinct - parse:91 - No precinct match: '726 of 726 = 100.00%'
2025-11-12 02:23:54,384 - DEBUG - src.precinct - parse:91 - No precinct match: '5/1/2021'
2025-11-12 02:23:54,384 - DEBUG - src.precinct - parse:91 - No precinct match: 'Run Time 10:46 AM'
2025-11-12 02:23:54,384 - DEBUG - src.precinct - parse:91 - No precinct match: 'Run Date 05/13/2021 Page 9'
2025-11-12 02:23:54,384 - DEBUG - src.precinct - parse:88 - Parsed precinct: 1009 → 97
2025-11-12 02:23:54,384 - DEBUG - pdf_extractor - extract_pdf:118 - PAGE 9 → PRECINCT SET: 1009 | Cast: 97
2025-11-12 02:23:54,384 - DEBUG - pdf_extractor - extract_pdf:129 - CONTEST START: Fort Worth Independent School District School District Trust
2025-11-12 02:23:54,384 - DEBUG - pdf_extractor - _save_buffer:165 - TEST CONTEST: Fort Worth Independent School District School District Trustee Single Member, District 7
2025-11-12 02:23:54,384 - DEBUG - pdf_extractor - extract_pdf:129 - CONTEST START: City of Benbrook Proposition A
2025-11-12 02:23:54,384 - DEBUG - pdf_extractor - _save_buffer:165 - TEST CONTEST: City of Benbrook Proposition A
2025-11-12 02:23:54,434 - DEBUG - src.precinct - parse:91 - No precinct match: 'Precinct Report Official Results'
2025-11-12 02:23:54,434 - DEBUG - src.precinct - parse:91 - No precinct match: 'Tarrant County'
2025-11-12 02:23:54,434 - DEBUG - src.precinct - parse:91 - No precinct match: 'Registered Voters'
2025-11-12 02:23:54,434 - DEBUG - src.precinct - parse:91 - No precinct match: '165898 of 1170379 = 14.17%'
2025-11-12 02:23:54,434 - DEBUG - src.precinct - parse:91 - No precinct match: 'Joint General and Special Elections'
2025-11-12 02:23:54,434 - DEBUG - src.precinct - parse:91 - No precinct match: 'Precincts Reporting'
2025-11-12 02:23:54,434 - DEBUG - src.precinct - parse:91 - No precinct match: '726 of 726 = 100.00%'
2025-11-12 02:23:54,434 - DEBUG - src.precinct - parse:91 - No precinct match: '5/1/2021'
2025-11-12 02:23:54,434 - DEBUG - src.precinct - parse:91 - No precinct match: 'Run Time 10:46 AM'
2025-11-12 02:23:54,434 - DEBUG - src.precinct - parse:91 - No precinct match: 'Run Date 05/13/2021 Page 10'
2025-11-12 02:23:54,434 - DEBUG - src.precinct - parse:88 - Parsed precinct: 1010 → 27
2025-11-12 02:23:54,434 - DEBUG - pdf_extractor - extract_pdf:118 - PAGE 10 → PRECINCT SET: 1010 | Cast: 27
2025-11-12 02:23:54,434 - DEBUG - pdf_extractor - extract_pdf:129 - CONTEST START: Fort Worth Independent School District School District Trust
2025-11-12 02:23:54,434 - DEBUG - pdf_extractor - _save_buffer:165 - TEST CONTEST: Fort Worth Independent School District School District Trustee Single Member, District 4
2025-11-12 02:23:54,434 - DEBUG - pdf_extractor - extract_pdf:129 - CONTEST START: City of Fort Worth Office of the Mayor
2025-11-12 02:23:54,434 - DEBUG - pdf_extractor - _save_buffer:165 - TEST CONTEST: City of Fort Worth Office of the Mayor
2025-11-12 02:23:54,435 - DEBUG - pdf_extractor - extract_pdf:129 - CONTEST START: City of Fort Worth Member of the City Council, District 8
2025-11-12 02:23:54,435 - DEBUG - pdf_extractor - _save_buffer:165 - TEST CONTEST: City of Fort Worth Member of the City Council, District 8
2025-11-12 02:23:54,435 - DEBUG - pdf_extractor - _save_buffer:165 - TEST CONTEST: City of Fort Worth Member of the City Council, District 8
2025-11-12 02:23:54,524 - DEBUG - pdf_extractor - extract_pdf:147 - FINISHED Tarrant_May-01-2021_Joint_General_and_Special_Elections_Precinct_Results.pdf
2025-11-12 02:23:54,524 - DEBUG - pdf_extractor - extract_pdf:52 - START Tarrant_May-04-2019_Joint_General_Special_Elections_Precinct_Results.pdf
2025-11-12 02:23:54,698 - DEBUG - pdf_extractor - extract_pdf:65 - FIRST LINES: ['Precinct Report — Official', 'Tarrant County — Joint General and Special Elections Live — May04, 2019', 'Page1of500 05/14/2019 05:19PM', 'Total Number of Voters:92,192of1,104,353=8.35% Precincts Reporting413of413=100.00%', 'Party Candidate Absentee Early Election Total', 'Precinct1001-001 (Ballots Cast:286)', 'Office of Mayor - City of Fort Worth,Vote For1', 'Betsy Price 12 60.00% 82 58.99% 72 59.02% 166 59.07%', 'Deborah Peoples 7 35.00% 52 37.41% 49 40.16% 108 38.43%', 'James H.McBride 1 5.00% 5 3.60% 1 0.82% 7 2.49%', 'Mike Haynes(W) 0 0.00% 0 0.00% 0 0.00% 0 0.00%', 'Cast Votes: 20 95.24% 139 98.58% 122 98.39% 281 98.25%', 'Over Votes: 0 0.00% 0 0.00% 0 0.00% 0 0.00%', 'Under Votes: 1 4.76% 2 1.42% 2 1.61% 5 1.75%', 'Member of the City Council,District9 -City of Fort Worth,Vote For1']
2025-11-12 02:23:54,698 - DEBUG - src.precinct - parse:91 - No precinct match: 'Precinct Report — Official'
2025-11-12 02:23:54,698 - DEBUG - src.precinct - parse:91 - No precinct match: 'Tarrant County — Joint General and Special Elections Live — May04, 2019'
2025-11-12 02:23:54,698 - DEBUG - src.precinct - parse:91 - No precinct match: 'Page1of500 05/14/2019 05:19PM'
2025-11-12 02:23:54,698 - DEBUG - src.precinct - parse:91 - No precinct match: 'Total Number of Voters:92,192of1,104,353=8.35% Precincts Reporting413of413=100.00%'
2025-11-12 02:23:54,698 - DEBUG - src.precinct - parse:91 - No precinct match: 'Party Candidate Absentee Early Election Total'
2025-11-12 02:23:54,698 - DEBUG - src.precinct - parse:88 - Parsed precinct: 1001-001 → 286
2025-11-12 02:23:54,698 - DEBUG - pdf_extractor - extract_pdf:118 - PAGE 1 → PRECINCT SET: 1001-001 | Cast: 286
2025-11-12 02:23:54,698 - DEBUG - pdf_extractor - extract_pdf:129 - CONTEST START: Office of Mayor - City of Fort Worth,Vote For1
2025-11-12 02:23:54,698 - DEBUG - pdf_extractor - _save_buffer:165 - TEST CONTEST: Office of Mayor - City of Fort Worth,Vote For1
2025-11-12 02:23:54,699 - DEBUG - pdf_extractor - extract_pdf:129 - CONTEST START: Member of the City Council,District9 -City of Fort Worth,Vot
2025-11-12 02:23:54,699 - DEBUG - pdf_extractor - _save_buffer:165 - TEST CONTEST: Member of the City Council,District9 -City of Fort Worth,Vote For1
2025-11-12 02:23:54,699 - DEBUG - pdf_extractor - extract_pdf:129 - CONTEST START: Two Seats For Board Members - Tarrant County Regional Water 
2025-11-12 02:23:54,699 - DEBUG - pdf_extractor - _save_buffer:165 - TEST CONTEST: Two Seats For Board Members - Tarrant County Regional Water District,Vote For2
2025-11-12 02:23:54,723 - DEBUG - src.precinct - parse:91 - No precinct match: 'Precinct Report — Official'
2025-11-12 02:23:54,723 - DEBUG - src.precinct - parse:91 - No precinct match: 'Tarrant County — Joint General and Special Elections Live — May04, 2019'
2025-11-12 02:23:54,723 - DEBUG - src.precinct - parse:91 - No precinct match: 'Page2of500 05/14/2019 05:19PM'
2025-11-12 02:23:54,723 - DEBUG - src.precinct - parse:91 - No precinct match: 'Total Number of Voters:92,192of1,104,353=8.35% Precincts Reporting413of413=100.00%'
2025-11-12 02:23:54,723 - DEBUG - src.precinct - parse:91 - No precinct match: 'Party Candidate Absentee Early Election Total'
2025-11-12 02:23:54,723 - DEBUG - src.precinct - parse:88 - Parsed precinct: 1001-135 → 0
2025-11-12 02:23:54,723 - DEBUG - pdf_extractor - extract_pdf:118 - PAGE 2 → PRECINCT SET: 1001-135 | Cast: 0
2025-11-12 02:23:54,723 - DEBUG - pdf_extractor - extract_pdf:129 - CONTEST START: Office of Mayor - City of Fort Worth,Vote For1
2025-11-12 02:23:54,723 - DEBUG - pdf_extractor - _save_buffer:165 - TEST CONTEST: Office of Mayor - City of Fort Worth,Vote For1
2025-11-12 02:23:54,723 - DEBUG - pdf_extractor - extract_pdf:129 - CONTEST START: Member of the City Council,District2 - City of Fort Worth,Vo
2025-11-12 02:23:54,723 - DEBUG - pdf_extractor - _save_buffer:165 - TEST CONTEST: Member of the City Council,District2 - City of Fort Worth,Vote For1
2025-11-12 02:23:54,723 - DEBUG - pdf_extractor - extract_pdf:129 - CONTEST START: Two Seats For Board Members - Tarrant County Regional Water 
2025-11-12 02:23:54,724 - DEBUG - pdf_extractor - _save_buffer:165 - TEST CONTEST: Two Seats For Board Members - Tarrant County Regional Water District,Vote For2
2025-11-12 02:23:54,747 - DEBUG - src.precinct - parse:91 - No precinct match: 'Precinct Report — Official'
2025-11-12 02:23:54,747 - DEBUG - src.precinct - parse:91 - No precinct match: 'Tarrant County — Joint General and Special Elections Live — May04, 2019'
2025-11-12 02:23:54,747 - DEBUG - src.precinct - parse:91 - No precinct match: 'Page3of500 05/14/2019 05:19PM'
2025-11-12 02:23:54,747 - DEBUG - src.precinct - parse:91 - No precinct match: 'Total Number of Voters:92,192of1,104,353=8.35% Precincts Reporting413of413=100.00%'
2025-11-12 02:23:54,747 - DEBUG - src.precinct - parse:91 - No precinct match: 'Party Candidate Absentee Early Election Total'
2025-11-12 02:23:54,747 - DEBUG - src.precinct - parse:88 - Parsed precinct: 1005-001 → 47
2025-11-12 02:23:54,747 - DEBUG - pdf_extractor - extract_pdf:118 - PAGE 3 → PRECINCT SET: 1005-001 | Cast: 47
2025-11-12 02:23:54,747 - DEBUG - pdf_extractor - extract_pdf:129 - CONTEST START: Office of Mayor - City of Fort Worth,Vote For1
2025-11-12 02:23:54,747 - DEBUG - pdf_extractor - _save_buffer:165 - TEST CONTEST: Office of Mayor - City of Fort Worth,Vote For1
2025-11-12 02:23:54,747 - DEBUG - pdf_extractor - extract_pdf:129 - CONTEST START: Member of the City Council,District9 -City of Fort Worth,Vot
2025-11-12 02:23:54,747 - DEBUG - pdf_extractor - _save_buffer:165 - TEST CONTEST: Member of the City Council,District9 -City of Fort Worth,Vote For1
2025-11-12 02:23:54,749 - DEBUG - pdf_extractor - extract_pdf:129 - CONTEST START: Two Seats For Board Members - Tarrant County Regional Water 
2025-11-12 02:23:54,750 - DEBUG - pdf_extractor - _save_buffer:165 - TEST CONTEST: Two Seats For Board Members - Tarrant County Regional Water District,Vote For2
2025-11-12 02:23:54,775 - DEBUG - src.precinct - parse:91 - No precinct match: 'Precinct Report — Official'
2025-11-12 02:23:54,775 - DEBUG - src.precinct - parse:91 - No precinct match: 'Tarrant County — Joint General and Special Elections Live — May04, 2019'
2025-11-12 02:23:54,775 - DEBUG - src.precinct - parse:91 - No precinct match: 'Page4of500 05/14/2019 05:19PM'
2025-11-12 02:23:54,775 - DEBUG - src.precinct - parse:91 - No precinct match: 'Total Number of Voters:92,192of1,104,353=8.35% Precincts Reporting413of413=100.00%'
2025-11-12 02:23:54,775 - DEBUG - src.precinct - parse:91 - No precinct match: 'Party Candidate Absentee Early Election Total'
2025-11-12 02:23:54,775 - DEBUG - src.precinct - parse:88 - Parsed precinct: 1005-003 → 83
2025-11-12 02:23:54,775 - DEBUG - pdf_extractor - extract_pdf:118 - PAGE 4 → PRECINCT SET: 1005-003 | Cast: 83
2025-11-12 02:23:54,775 - DEBUG - pdf_extractor - extract_pdf:129 - CONTEST START: Office of Mayor - City of Fort Worth,Vote For1
2025-11-12 02:23:54,775 - DEBUG - pdf_extractor - _save_buffer:165 - TEST CONTEST: Office of Mayor - City of Fort Worth,Vote For1
2025-11-12 02:23:54,776 - DEBUG - pdf_extractor - extract_pdf:129 - CONTEST START: Member of the City Council,District8 - City of Fort Worth,Vo
2025-11-12 02:23:54,776 - DEBUG - pdf_extractor - _save_buffer:165 - TEST CONTEST: Member of the City Council,District8 - City of Fort Worth,Vote For1
2025-11-12 02:23:54,776 - DEBUG - pdf_extractor - extract_pdf:129 - CONTEST START: Two Seats For Board Members - Tarrant County Regional Water 
2025-11-12 02:23:54,776 - DEBUG - pdf_extractor - _save_buffer:165 - TEST CONTEST: Two Seats For Board Members - Tarrant County Regional Water District,Vote For2
2025-11-12 02:23:54,800 - DEBUG - src.precinct - parse:91 - No precinct match: 'Precinct Report — Official'
2025-11-12 02:23:54,800 - DEBUG - src.precinct - parse:91 - No precinct match: 'Tarrant County — Joint General and Special Elections Live — May04, 2019'
2025-11-12 02:23:54,800 - DEBUG - src.precinct - parse:91 - No precinct match: 'Page5of500 05/14/2019 05:19PM'
2025-11-12 02:23:54,800 - DEBUG - src.precinct - parse:91 - No precinct match: 'Total Number of Voters:92,192of1,104,353=8.35% Precincts Reporting413of413=100.00%'
2025-11-12 02:23:54,800 - DEBUG - src.precinct - parse:91 - No precinct match: 'Party Candidate Absentee Early Election Total'
2025-11-12 02:23:54,800 - DEBUG - src.precinct - parse:88 - Parsed precinct: 1008-003 → 55
2025-11-12 02:23:54,800 - DEBUG - pdf_extractor - extract_pdf:118 - PAGE 5 → PRECINCT SET: 1008-003 | Cast: 55
2025-11-12 02:23:54,800 - DEBUG - pdf_extractor - extract_pdf:129 - CONTEST START: Office of Mayor - City of Fort Worth,Vote For1
2025-11-12 02:23:54,801 - DEBUG - pdf_extractor - _save_buffer:165 - TEST CONTEST: Office of Mayor - City of Fort Worth,Vote For1
2025-11-12 02:23:54,801 - DEBUG - pdf_extractor - extract_pdf:129 - CONTEST START: Member of the City Council,District8 - City of Fort Worth,Vo
2025-11-12 02:23:54,801 - DEBUG - pdf_extractor - _save_buffer:165 - TEST CONTEST: Member of the City Council,District8 - City of Fort Worth,Vote For1
2025-11-12 02:23:54,801 - DEBUG - pdf_extractor - extract_pdf:129 - CONTEST START: Two Seats For Board Members - Tarrant County Regional Water 
2025-11-12 02:23:54,801 - DEBUG - pdf_extractor - _save_buffer:165 - TEST CONTEST: Two Seats For Board Members - Tarrant County Regional Water District,Vote For2
2025-11-12 02:23:54,827 - DEBUG - src.precinct - parse:91 - No precinct match: 'Precinct Report — Official'
2025-11-12 02:23:54,827 - DEBUG - src.precinct - parse:91 - No precinct match: 'Tarrant County — Joint General and Special Elections Live — May04, 2019'
2025-11-12 02:23:54,827 - DEBUG - src.precinct - parse:91 - No precinct match: 'Page6of500 05/14/2019 05:19PM'
2025-11-12 02:23:54,827 - DEBUG - src.precinct - parse:91 - No precinct match: 'Total Number of Voters:92,192of1,104,353=8.35% Precincts Reporting413of413=100.00%'
2025-11-12 02:23:54,827 - DEBUG - src.precinct - parse:91 - No precinct match: 'Party Candidate Absentee Early Election Total'
2025-11-12 02:23:54,827 - DEBUG - src.precinct - parse:88 - Parsed precinct: 1010-003 → 35
2025-11-12 02:23:54,827 - DEBUG - pdf_extractor - extract_pdf:118 - PAGE 6 → PRECINCT SET: 1010-003 | Cast: 35
2025-11-12 02:23:54,827 - DEBUG - pdf_extractor - extract_pdf:129 - CONTEST START: Office of Mayor - City of Fort Worth,Vote For1
2025-11-12 02:23:54,827 - DEBUG - pdf_extractor - _save_buffer:165 - TEST CONTEST: Office of Mayor - City of Fort Worth,Vote For1
2025-11-12 02:23:54,827 - DEBUG - pdf_extractor - extract_pdf:129 - CONTEST START: Member of the City Council,District8 - City of Fort Worth,Vo
2025-11-12 02:23:54,827 - DEBUG - pdf_extractor - _save_buffer:165 - TEST CONTEST: Member of the City Council,District8 - City of Fort Worth,Vote For1
2025-11-12 02:23:54,828 - DEBUG - pdf_extractor - extract_pdf:129 - CONTEST START: Two Seats For Board Members - Tarrant County Regional Water 
2025-11-12 02:23:54,828 - DEBUG - pdf_extractor - _save_buffer:165 - TEST CONTEST: Two Seats For Board Members - Tarrant County Regional Water District,Vote For2
2025-11-12 02:23:54,859 - DEBUG - src.precinct - parse:91 - No precinct match: 'Precinct Report — Official'
2025-11-12 02:23:54,859 - DEBUG - src.precinct - parse:91 - No precinct match: 'Tarrant County — Joint General and Special Elections Live — May04, 2019'
2025-11-12 02:23:54,859 - DEBUG - src.precinct - parse:91 - No precinct match: 'Page7of500 05/14/2019 05:19PM'
2025-11-12 02:23:54,859 - DEBUG - src.precinct - parse:91 - No precinct match: 'Total Number of Voters:92,192of1,104,353=8.35% Precincts Reporting413of413=100.00%'
2025-11-12 02:23:54,859 - DEBUG - src.precinct - parse:91 - No precinct match: 'Party Candidate Absentee Early Election Total'
2025-11-12 02:23:54,859 - DEBUG - src.precinct - parse:88 - Parsed precinct: 1012-006 → 436
2025-11-12 02:23:54,859 - DEBUG - pdf_extractor - extract_pdf:118 - PAGE 7 → PRECINCT SET: 1012-006 | Cast: 436
2025-11-12 02:23:54,859 - DEBUG - pdf_extractor - extract_pdf:129 - CONTEST START: Single Member District3 - Fort Worth Independent School Dist
2025-11-12 02:23:54,859 - DEBUG - pdf_extractor - _save_buffer:165 - TEST CONTEST: Single Member District3 - Fort Worth Independent School District,Vote For1
2025-11-12 02:23:54,859 - DEBUG - pdf_extractor - extract_pdf:129 - CONTEST START: Office of Mayor - City of Fort Worth,Vote For1
2025-11-12 02:23:54,860 - DEBUG - pdf_extractor - _save_buffer:165 - TEST CONTEST: Office of Mayor - City of Fort Worth,Vote For1
2025-11-12 02:23:54,860 - DEBUG - pdf_extractor - extract_pdf:129 - CONTEST START: Member of the City Council,District5 -City of Fort Worth,Vot
2025-11-12 02:23:54,860 - DEBUG - pdf_extractor - _save_buffer:165 - TEST CONTEST: Member of the City Council,District5 -City of Fort Worth,Vote For1
2025-11-12 02:23:54,860 - DEBUG - pdf_extractor - extract_pdf:129 - CONTEST START: Two Seats For Board Members - Tarrant County Regional Water 
2025-11-12 02:23:54,860 - DEBUG - pdf_extractor - _save_buffer:165 - TEST CONTEST: Two Seats For Board Members - Tarrant County Regional Water District,Vote For2
2025-11-12 02:23:54,884 - DEBUG - src.precinct - parse:91 - No precinct match: 'Precinct Report — Official'
2025-11-12 02:23:54,884 - DEBUG - src.precinct - parse:91 - No precinct match: 'Tarrant County — Joint General and Special Elections Live — May04, 2019'
2025-11-12 02:23:54,884 - DEBUG - src.precinct - parse:91 - No precinct match: 'Page8of500 05/14/2019 05:19PM'
2025-11-12 02:23:54,884 - DEBUG - src.precinct - parse:91 - No precinct match: 'Total Number of Voters:92,192of1,104,353=8.35% Precincts Reporting413of413=100.00%'
2025-11-12 02:23:54,884 - DEBUG - src.precinct - parse:91 - No precinct match: 'Party Candidate Absentee Early Election Total'
2025-11-12 02:23:54,884 - DEBUG - src.precinct - parse:88 - Parsed precinct: 1014-001 → 86
2025-11-12 02:23:54,884 - DEBUG - pdf_extractor - extract_pdf:118 - PAGE 8 → PRECINCT SET: 1014-001 | Cast: 86
2025-11-12 02:23:54,884 - DEBUG - pdf_extractor - extract_pdf:129 - CONTEST START: Office of Mayor - City of Fort Worth,Vote For1
2025-11-12 02:23:54,884 - DEBUG - pdf_extractor - _save_buffer:165 - TEST CONTEST: Office of Mayor - City of Fort Worth,Vote For1
2025-11-12 02:23:54,885 - DEBUG - pdf_extractor - extract_pdf:129 - CONTEST START: Member of the City Council,District9 -City of Fort Worth,Vot
2025-11-12 02:23:54,885 - DEBUG - pdf_extractor - _save_buffer:165 - TEST CONTEST: Member of the City Council,District9 -City of Fort Worth,Vote For1
2025-11-12 02:23:54,885 - DEBUG - pdf_extractor - extract_pdf:129 - CONTEST START: Two Seats For Board Members - Tarrant County Regional Water 
2025-11-12 02:23:54,885 - DEBUG - pdf_extractor - _save_buffer:165 - TEST CONTEST: Two Seats For Board Members - Tarrant County Regional Water District,Vote For2
2025-11-12 02:23:54,908 - DEBUG - src.precinct - parse:91 - No precinct match: 'Precinct Report — Official'
2025-11-12 02:23:54,908 - DEBUG - src.precinct - parse:91 - No precinct match: 'Tarrant County — Joint General and Special Elections Live — May04, 2019'
2025-11-12 02:23:54,908 - DEBUG - src.precinct - parse:91 - No precinct match: 'Page9of500 05/14/2019 05:19PM'
2025-11-12 02:23:54,908 - DEBUG - src.precinct - parse:91 - No precinct match: 'Total Number of Voters:92,192of1,104,353=8.35% Precincts Reporting413of413=100.00%'
2025-11-12 02:23:54,908 - DEBUG - src.precinct - parse:91 - No precinct match: 'Party Candidate Absentee Early Election Total'
2025-11-12 02:23:54,908 - DEBUG - src.precinct - parse:88 - Parsed precinct: 1015-001 → 134
2025-11-12 02:23:54,908 - DEBUG - pdf_extractor - extract_pdf:118 - PAGE 9 → PRECINCT SET: 1015-001 | Cast: 134
2025-11-12 02:23:54,908 - DEBUG - pdf_extractor - extract_pdf:129 - CONTEST START: Office of Mayor - City of Fort Worth,Vote For1
2025-11-12 02:23:54,908 - DEBUG - pdf_extractor - _save_buffer:165 - TEST CONTEST: Office of Mayor - City of Fort Worth,Vote For1
2025-11-12 02:23:54,909 - DEBUG - pdf_extractor - extract_pdf:129 - CONTEST START: Member of the City Council,District9 -City of Fort Worth,Vot
2025-11-12 02:23:54,909 - DEBUG - pdf_extractor - _save_buffer:165 - TEST CONTEST: Member of the City Council,District9 -City of Fort Worth,Vote For1
2025-11-12 02:23:54,909 - DEBUG - pdf_extractor - extract_pdf:129 - CONTEST START: Two Seats For Board Members - Tarrant County Regional Water 
2025-11-12 02:23:54,909 - DEBUG - pdf_extractor - _save_buffer:165 - TEST CONTEST: Two Seats For Board Members - Tarrant County Regional Water District,Vote For2
2025-11-12 02:23:54,945 - DEBUG - src.precinct - parse:91 - No precinct match: 'Precinct Report — Official'
2025-11-12 02:23:54,945 - DEBUG - src.precinct - parse:91 - No precinct match: 'Tarrant County — Joint General and Special Elections Live — May04, 2019'
2025-11-12 02:23:54,945 - DEBUG - src.precinct - parse:91 - No precinct match: 'Page10of500 05/14/2019 05:19PM'
2025-11-12 02:23:54,945 - DEBUG - src.precinct - parse:91 - No precinct match: 'Total Number of Voters:92,192of1,104,353=8.35% Precincts Reporting413of413=100.00%'
2025-11-12 02:23:54,945 - DEBUG - src.precinct - parse:91 - No precinct match: 'Party Candidate Absentee Early Election Total'
2025-11-12 02:23:54,945 - DEBUG - src.precinct - parse:88 - Parsed precinct: 1015-022 → 153
2025-11-12 02:23:54,946 - DEBUG - pdf_extractor - extract_pdf:118 - PAGE 10 → PRECINCT SET: 1015-022 | Cast: 153
2025-11-12 02:23:54,946 - DEBUG - pdf_extractor - extract_pdf:129 - CONTEST START: Single Member District5 - Fort Worth Independent School Dist
2025-11-12 02:23:54,946 - DEBUG - pdf_extractor - _save_buffer:165 - TEST CONTEST: Single Member District5 - Fort Worth Independent School District,Vote For1
2025-11-12 02:23:54,946 - DEBUG - pdf_extractor - extract_pdf:129 - CONTEST START: Office of Mayor - City of Fort Worth,Vote For1
2025-11-12 02:23:54,946 - DEBUG - pdf_extractor - _save_buffer:165 - TEST CONTEST: Office of Mayor - City of Fort Worth,Vote For1
2025-11-12 02:23:54,946 - DEBUG - pdf_extractor - extract_pdf:129 - CONTEST START: Member of the City Council,District9 -City of Fort Worth,Vot
2025-11-12 02:23:54,946 - DEBUG - pdf_extractor - _save_buffer:165 - TEST CONTEST: Member of the City Council,District9 -City of Fort Worth,Vote For1
2025-11-12 02:23:54,946 - DEBUG - pdf_extractor - extract_pdf:129 - CONTEST START: Two Seats For Board Members - Tarrant County Regional Water 
2025-11-12 02:23:54,947 - DEBUG - pdf_extractor - _save_buffer:165 - TEST CONTEST: Two Seats For Board Members - Tarrant County Regional Water District,Vote For2
2025-11-12 02:23:54,947 - DEBUG - pdf_extractor - extract_pdf:129 - CONTEST START: Trustee,District7- Tarrant County College District7,Vote For
2025-11-12 02:23:54,947 - DEBUG - pdf_extractor - _save_buffer:165 - TEST CONTEST: Trustee,District7- Tarrant County College District7,Vote For1
2025-11-12 02:23:54,947 - DEBUG - pdf_extractor - _save_buffer:165 - TEST CONTEST: Trustee,District7- Tarrant County College District7,Vote For1
2025-11-12 02:23:54,953 - DEBUG - pdf_extractor - extract_pdf:147 - FINISHED Tarrant_May-04-2019_Joint_General_Special_Elections_Precinct_Results.pdf
2025-11-12 02:23:54,965 - DEBUG - pdf_extractor - main:239 - Final CSV written: /Users/maryroseferrier/Desktop/Civera/Processing/proccess_pdf/output/Election_Results.csv (1,272 rows)
